<?xml version="1.0" encoding="UTF-8"?>
<!-- Generated by org.testng.reporters.JUnitReportReporter -->
<testsuite hostname="L068-RatnadeepKhaple" failures="0" tests="1" name="al_tannaf.P2" time="18.075" errors="0" timestamp="2023-08-22T11:32:25 IST" skipped="0">
  <testcase classname="al_tannaf.P2" name="test" time="18.075"/>
  <system-out/>
</testsuite> <!-- al_tannaf.P2 -->
