<?xml version="1.0" encoding="UTF-8"?>
<!-- Generated by org.testng.reporters.JUnitReportReporter -->
<testsuite hostname="L068-RatnadeepKhaple" failures="0" tests="1" name="Al_Dahra.P2" time="4.065" errors="0" timestamp="2023-08-22T10:45:50 IST" skipped="0">
  <testcase classname="Al_Dahra.P2" name="test" time="4.065"/>
  <system-out/>
</testsuite> <!-- Al_Dahra.P2 -->
