<?xml version="1.0" encoding="UTF-8"?>
<!-- Generated by org.testng.reporters.JUnitReportReporter -->
<testsuite hostname="L068-RatnadeepKhaple" failures="0" tests="1" name="practice.Best_2" time="21.195" errors="0" timestamp="2023-03-17T12:21:33 IST" skipped="0">
  <testcase classname="practice.Best_2" name="test2" time="21.195"/>
  <system-out/>
</testsuite> <!-- practice.Best_2 -->
