<?xml version="1.0" encoding="UTF-8"?>
<!-- Generated by org.testng.reporters.JUnitReportReporter -->
<testsuite hostname="L068-RatnadeepKhaple" failures="0" tests="7" name="bay_Automation.SortDropdownScenario" time="60.974" errors="0" timestamp="2023-09-07T11:49:17 IST" skipped="0">
  <testcase classname="bay_Automation.SortDropdownScenario" name="sortProductsTest" time="11.570"/>
  <system-out/>
  <testcase classname="bay_Automation.SortDropdownScenario" name="sortProductsTest" time="10.072"/>
  <system-out/>
  <testcase classname="bay_Automation.SortDropdownScenario" name="sortProductsTest" time="6.696"/>
  <system-out/>
  <testcase classname="bay_Automation.SortDropdownScenario" name="sortProductsTest" time="5.844"/>
  <system-out/>
  <testcase classname="bay_Automation.SortDropdownScenario" name="sortProductsTest" time="9.520"/>
  <system-out/>
  <testcase classname="bay_Automation.SortDropdownScenario" name="sortProductsTest" time="9.780"/>
  <system-out/>
  <testcase classname="bay_Automation.SortDropdownScenario" name="sortProductsTest" time="7.492"/>
  <system-out/>
</testsuite> <!-- bay_Automation.SortDropdownScenario -->
