<?xml version="1.0" encoding="UTF-8"?>
<!-- Generated by org.testng.reporters.JUnitReportReporter -->
<testsuite hostname="L068-RatnadeepKhaple" failures="0" tests="5" name="BAY_HomePageScenario.NavigationBarScenariosTest" time="81.540" errors="0" timestamp="2023-03-23T16:45:26 IST" skipped="0">
  <testcase classname="BAY_HomePageScenario.NavigationBarScenariosTest" name="navigateToAllCatagories" time="16.907"/>
  <system-out/>
  <testcase classname="BAY_HomePageScenario.NavigationBarScenariosTest" name="clickOnGiftIcon" time="16.639"/>
  <system-out/>
  <testcase classname="BAY_HomePageScenario.NavigationBarScenariosTest" name="clickOnDigitalCardsIcon" time="13.384"/>
  <system-out/>
  <testcase classname="BAY_HomePageScenario.NavigationBarScenariosTest" name="clickOnAirConditioners" time="17.779"/>
  <system-out/>
  <testcase classname="BAY_HomePageScenario.NavigationBarScenariosTest" name="NavigateToMyCart" time="16.831"/>
  <system-out/>
</testsuite> <!-- BAY_HomePageScenario.NavigationBarScenariosTest -->
