<?xml version="1.0" encoding="UTF-8"?>
<!-- Generated by org.testng.reporters.JUnitReportReporter -->
<testsuite hostname="L068-RatnadeepKhaple" failures="0" tests="2" name="BAY_HomePageScenario.BackColourValTest" time="40.139" errors="0" timestamp="2023-03-23T15:29:26 IST" skipped="0">
  <testcase classname="BAY_HomePageScenario.BackColourValTest" name="giftIconBackColValTest" time="9.802"/>
  <system-out/>
  <testcase classname="BAY_HomePageScenario.BackColourValTest" name="giftIconColourValTest" time="30.337"/>
  <system-out/>
</testsuite> <!-- BAY_HomePageScenario.BackColourValTest -->
