<?xml version="1.0" encoding="UTF-8"?>
<!-- Generated by org.testng.reporters.JUnitReportReporter -->
<testsuite hostname="L068-RatnadeepKhaple" failures="0" tests="1" name="practice.Best_3" time="16.158" errors="0" timestamp="2023-03-13T18:10:05 IST" skipped="0">
  <testcase classname="practice.Best_3" name="test2" time="16.158"/>
  <system-out/>
</testsuite> <!-- practice.Best_3 -->
