<?xml version="1.0" encoding="UTF-8"?>
<!-- Generated by org.testng.reporters.JUnitReportReporter -->
<testsuite hostname="L068-RatnadeepKhaple" failures="0" tests="1" name="bay_Automation.SearchProduct" time="10.954" errors="0" timestamp="2023-09-26T11:45:27 IST" skipped="0">
  <testcase classname="bay_Automation.SearchProduct" name="searchProductAndCheckAvailability" time="10.954"/>
  <system-out/>
</testsuite> <!-- bay_Automation.SearchProduct -->
