<?xml version="1.0" encoding="UTF-8"?>
<!-- Generated by org.testng.reporters.JUnitReportReporter -->
<testsuite hostname="L068-RatnadeepKhaple" failures="0" tests="1" name="bay_Automation.PLPScenario" time="7.625" errors="0" timestamp="2023-09-06T15:43:28 IST" skipped="0">
  <testcase classname="bay_Automation.PLPScenario" name="plpListiew" time="7.625"/>
  <system-out/>
</testsuite> <!-- bay_Automation.PLPScenario -->
