<?xml version="1.0" encoding="UTF-8"?>
<!-- Generated by org.testng.reporters.JUnitReportReporter -->
<testsuite hostname="L068-RatnadeepKhaple" failures="0" tests="1" name="BAY_HomePageScenario.AllCategoriesScenario" time="10.407" errors="0" timestamp="2023-03-03T10:19:48 IST" skipped="0">
  <testcase classname="BAY_HomePageScenario.AllCategoriesScenario" name="AllCategoriesTest" time="10.407"/>
  <system-out/>
</testsuite> <!-- BAY_HomePageScenario.AllCategoriesScenario -->
