<?xml version="1.0" encoding="UTF-8"?>
<!-- Generated by org.testng.reporters.JUnitReportReporter -->
<testsuite hostname="L068-RatnadeepKhaple" failures="0" tests="1" name="bay_Automation.BrowserCategoryHomepageGetText" time="5.337" errors="0" timestamp="2023-10-04T15:42:53 IST" skipped="0">
  <testcase classname="bay_Automation.BrowserCategoryHomepageGetText" name="browseCategory" time="5.337"/>
  <system-out/>
</testsuite> <!-- bay_Automation.BrowserCategoryHomepageGetText -->
