<?xml version="1.0" encoding="UTF-8"?>
<!-- Generated by org.testng.reporters.JUnitReportReporter -->
<testsuite hostname="L068-RatnadeepKhaple" failures="0" tests="1" name="practice.Best1" time="22.500" errors="0" timestamp="2023-02-28T12:12:37 IST" skipped="0">
  <testcase classname="practice.Best1" name="test" time="22.500"/>
  <system-out/>
</testsuite> <!-- practice.Best1 -->
