<?xml version="1.0" encoding="UTF-8"?>
<!-- Generated by org.testng.reporters.JUnitReportReporter -->
<testsuite hostname="L068-RatnadeepKhaple" failures="0" tests="1" name="BAY_HomePageScenario.NavigationBarScenariosTest" time="13.509" errors="0" timestamp="2023-09-05T12:49:57 IST" skipped="0">
  <testcase classname="BAY_HomePageScenario.NavigationBarScenariosTest" name="clickOnAirConditioners" time="13.509"/>
  <system-out/>
</testsuite> <!-- BAY_HomePageScenario.NavigationBarScenariosTest -->
