<?xml version="1.0" encoding="UTF-8"?>
<!-- Generated by org.testng.reporters.JUnitReportReporter -->
<testsuite hostname="L068-RatnadeepKhaple" failures="0" tests="8" name="All_Catagories.AllCat_Scenarios" time="73.470" errors="0" timestamp="2023-03-03T10:14:29 IST" skipped="0">
  <testcase classname="All_Catagories.AllCat_Scenarios" name="navigateToAllCatagories" time="7.301"/>
  <system-out/>
  <testcase classname="All_Catagories.AllCat_Scenarios" name="navigateToAllCatagories" time="7.591"/>
  <system-out/>
  <testcase classname="All_Catagories.AllCat_Scenarios" name="navigateToAllCatagories" time="8.910"/>
  <system-out/>
  <testcase classname="All_Catagories.AllCat_Scenarios" name="navigateToAllCatagories" time="14.924"/>
  <system-out/>
  <testcase classname="All_Catagories.AllCat_Scenarios" name="navigateToAllCatagories" time="9.977"/>
  <system-out/>
  <testcase classname="All_Catagories.AllCat_Scenarios" name="clickOnGiftIcon" time="7.563"/>
  <system-out/>
  <testcase classname="All_Catagories.AllCat_Scenarios" name="clickOnDigitalCardsIcon" time="7.180"/>
  <system-out/>
  <testcase classname="All_Catagories.AllCat_Scenarios" name="clickOnAirConditioners" time="10.024"/>
  <system-out/>
</testsuite> <!-- All_Catagories.AllCat_Scenarios -->
