<?xml version="1.0" encoding="UTF-8"?>
<!-- Generated by org.testng.reporters.JUnitReportReporter -->
<testsuite hostname="L068-RatnadeepKhaple" failures="0" tests="3" name="bay_Automation.FooterLinksNavigation" time="19.368" errors="0" timestamp="2023-09-04T11:30:37 IST" skipped="0">
  <testcase classname="bay_Automation.FooterLinksNavigation" name="aboutUsNavigation" time="6.746"/>
  <system-out/>
  <testcase classname="bay_Automation.FooterLinksNavigation" name="ReturnPolicyNavigation" time="6.319"/>
  <system-out/>
  <testcase classname="bay_Automation.FooterLinksNavigation" name="faqNavigation" time="6.303"/>
  <system-out/>
</testsuite> <!-- bay_Automation.FooterLinksNavigation -->
