<?xml version="1.0" encoding="UTF-8"?>
<!-- Generated by org.testng.reporters.JUnitReportReporter -->
<testsuite hostname="L068-RatnadeepKhaple" failures="0" tests="1" name="bay_Automation.FooterLinksNavigation" time="8.456" errors="0" timestamp="2023-09-07T11:37:23 IST" skipped="0">
  <testcase classname="bay_Automation.FooterLinksNavigation" name="youTubeLinkNavigation" time="8.456"/>
  <system-out/>
</testsuite> <!-- bay_Automation.FooterLinksNavigation -->
