<?xml version="1.0" encoding="UTF-8"?>
<!-- Generated by org.testng.reporters.JUnitReportReporter -->
<testsuite hostname="L068-RatnadeepKhaple" failures="0" tests="1" name="bay_Automation.SearchProductTest" time="9.226" errors="0" timestamp="2023-10-04T15:42:53 IST" skipped="0">
  <testcase classname="bay_Automation.SearchProductTest" name="searchProductAndCheckAvailability" time="9.226"/>
  <system-out/>
</testsuite> <!-- bay_Automation.SearchProductTest -->
