<?xml version="1.0" encoding="UTF-8"?>
<!-- Generated by org.testng.reporters.JUnitReportReporter -->
<testsuite hostname="L068-RatnadeepKhaple" failures="0" tests="1" name="Al_Dahra.P1" time="15.325" errors="0" timestamp="2023-08-22T10:46:47 IST" skipped="0">
  <testcase classname="Al_Dahra.P1" name="test1" time="15.325"/>
  <system-out/>
</testsuite> <!-- Al_Dahra.P1 -->
