<?xml version="1.0" encoding="UTF-8"?>
<!-- Generated by org.testng.reporters.JUnitReportReporter -->
<testsuite hostname="L068-RatnadeepKhaple" failures="0" tests="1" name="BAY_HomePageScenario.HomepageHeaderScenariosTest" time="15.543" errors="0" timestamp="2023-09-04T11:15:13 IST" skipped="0">
  <testcase classname="BAY_HomePageScenario.HomepageHeaderScenariosTest" name="captureBAYLogo" time="15.543"/>
  <system-out/>
</testsuite> <!-- BAY_HomePageScenario.HomepageHeaderScenariosTest -->
