<?xml version="1.0" encoding="UTF-8"?>
<!-- Generated by org.testng.reporters.JUnitReportReporter -->
<testsuite hostname="L068-RatnadeepKhaple" failures="0" tests="1" name="BAY_HomePageScenario.AllCategoriesScenarioTest" time="15.925" errors="0" timestamp="2023-09-04T11:45:33 IST" skipped="0">
  <testcase classname="BAY_HomePageScenario.AllCategoriesScenarioTest" name="clickOnPanasonicStoreIconTest" time="15.925"/>
  <system-out/>
</testsuite> <!-- BAY_HomePageScenario.AllCategoriesScenarioTest -->
