<?xml version="1.0" encoding="UTF-8"?>
<!-- Generated by org.testng.reporters.JUnitReportReporter -->
<testsuite hostname="L068-RatnadeepKhaple" failures="0" tests="1" name="al_tannaf.HomepageTest" time="15.151" errors="0" timestamp="2023-08-22T11:56:28 IST" skipped="0">
  <testcase classname="al_tannaf.HomepageTest" name="mouseOverOnOurProducts" time="15.151"/>
  <system-out/>
</testsuite> <!-- al_tannaf.HomepageTest -->
