<?xml version="1.0" encoding="UTF-8"?>
<!-- Generated by org.testng.reporters.JUnitReportReporter -->
<testsuite hostname="L068-RatnadeepKhaple" failures="0" tests="1" name="bay_Automation.PDPScenario" time="18.842" errors="0" timestamp="2023-09-06T15:07:24 IST" skipped="0">
  <testcase classname="bay_Automation.PDPScenario" name="quantityManualUpdate" time="18.842"/>
  <system-out/>
</testsuite> <!-- bay_Automation.PDPScenario -->
