<?xml version="1.0" encoding="UTF-8"?>
<!-- Generated by org.testng.reporters.JUnitReportReporter -->
<testsuite hostname="L068-RatnadeepKhaple" failures="0" tests="1" name="bay_Automation.BrowserCategoryHomepage" time="7.787" errors="0" timestamp="2023-09-04T10:37:37 IST" skipped="0">
  <testcase classname="bay_Automation.BrowserCategoryHomepage" name="browseCategory" time="7.787"/>
  <system-out/>
</testsuite> <!-- bay_Automation.BrowserCategoryHomepage -->
