<?xml version="1.0" encoding="UTF-8"?>
<!-- Generated by org.testng.reporters.JUnitReportReporter -->
<testsuite hostname="L068-RatnadeepKhaple" failures="0" tests="1" name="BAY_HomePageScenario.LoginPageScenarioTest" time="35.228" errors="0" timestamp="2023-03-23T16:34:57 IST" skipped="0">
  <testcase classname="BAY_HomePageScenario.LoginPageScenarioTest" name="createAccount" time="35.228"/>
  <system-out/>
</testsuite> <!-- BAY_HomePageScenario.LoginPageScenarioTest -->
