<?xml version="1.0" encoding="UTF-8"?>
<!-- Generated by org.testng.reporters.JUnitReportReporter -->
<testsuite hostname="L068-RatnadeepKhaple" failures="0" tests="1" name="ReadData" time="0.012" errors="0" timestamp="2023-08-24T11:15:45 IST" skipped="0">
  <testcase classname="ReadData" name="readDataFromProperty" time="0.012"/>
  <system-out/>
</testsuite> <!-- ReadData -->
