<?xml version="1.0" encoding="UTF-8"?>
<!-- Generated by org.testng.reporters.JUnitReportReporter -->
<testsuite hostname="L068-RatnadeepKhaple" failures="0" tests="1" name="BAY_HomePageScenario.HomepageHeaderScenariosTest" time="12.975" errors="0" timestamp="2023-09-07T12:09:39 IST" skipped="0">
  <testcase classname="BAY_HomePageScenario.HomepageHeaderScenariosTest" name="captureBAYLogo" time="12.975"/>
  <system-out/>
</testsuite> <!-- BAY_HomePageScenario.HomepageHeaderScenariosTest -->
