<?xml version="1.0" encoding="UTF-8"?>
<!-- Generated by org.testng.reporters.JUnitReportReporter -->
<testsuite hostname="L068-RatnadeepKhaple" failures="0" tests="1" name="commonScripting.SearchProduct" time="22.745" errors="0" timestamp="2023-09-01T12:44:37 IST" skipped="0">
  <testcase classname="commonScripting.SearchProduct" name="applyVouchersTest" time="22.745"/>
  <system-out/>
</testsuite> <!-- commonScripting.SearchProduct -->
