<?xml version="1.0" encoding="UTF-8"?>
<!-- Generated by org.testng.reporters.JUnitReportReporter -->
<testsuite hostname="L068-RatnadeepKhaple" failures="0" tests="3" name="BAY_HomePageScenario.AllCategoriesScenarioTest" time="59.568" errors="0" timestamp="2023-09-13T14:46:02 IST" skipped="0">
  <testcase classname="BAY_HomePageScenario.AllCategoriesScenarioTest" name="clickOnPanasonicStoreIconTest" time="16.201"/>
  <system-out/>
  <testcase classname="BAY_HomePageScenario.AllCategoriesScenarioTest" name="clickOnBackToSchoolsIconTest" time="20.201"/>
  <system-out/>
  <testcase classname="BAY_HomePageScenario.AllCategoriesScenarioTest" name="clickOnOfficeAutomationIconTest" time="23.166"/>
  <system-out/>
</testsuite> <!-- BAY_HomePageScenario.AllCategoriesScenarioTest -->
