<?xml version="1.0" encoding="UTF-8"?>
<!-- Generated by org.testng.reporters.JUnitReportReporter -->
<testsuite hostname="L068-RatnadeepKhaple" failures="0" tests="1" name="LULU_Tests.Lulu_checkout" time="43.618" errors="0" timestamp="2023-03-17T16:13:11 IST" skipped="0">
  <testcase classname="LULU_Tests.Lulu_checkout" name="checkoutTest" time="43.618"/>
  <system-out/>
</testsuite> <!-- LULU_Tests.Lulu_checkout -->
