<?xml version="1.0" encoding="UTF-8"?>
<!-- Generated by org.testng.reporters.JUnitReportReporter -->
<testsuite hostname="L068-RatnadeepKhaple" failures="0" tests="1" name="generic.utilities.JavaUtility" time="0.044" errors="0" timestamp="2023-09-15T14:34:02 IST" skipped="0">
  <testcase classname="generic.utilities.JavaUtility" name="getSystemDateFormat" time="0.044"/>
  <system-out/>
</testsuite> <!-- generic.utilities.JavaUtility -->
