<?xml version="1.0" encoding="UTF-8"?>
<!-- Generated by org.testng.reporters.JUnitReportReporter -->
<testsuite hostname="L068-RatnadeepKhaple" failures="0" tests="1" name="al_tannaf.ReadData" time="0.806" errors="0" timestamp="2023-08-24T11:27:55 IST" skipped="0">
  <testcase classname="al_tannaf.ReadData" name="test" time="0.806"/>
  <system-out/>
</testsuite> <!-- al_tannaf.ReadData -->
